2025-02-07 17:13:19,219 [INFO] Database initialized.
2025-02-07 17:13:19,219 [INFO] Processing Rogers...
2025-02-07 17:13:19,219 [INFO] Fetching page: https://www.rogers.com/phones/bring-your-own-device?icid=R_WIR_CMH_PL5IQK&flowType=byod
2025-02-07 17:13:35,446 [INFO] Page fetched successfully.
2025-02-07 17:13:35,551 [INFO] Parsing data for Rogers
2025-02-07 17:13:35,593 [WARNING] No plan containers found for Rogers.
2025-02-07 17:13:35,593 [INFO] Found 0 BYOD plan(s) for Rogers.
2025-02-07 17:13:35,593 [INFO] Processing Bell...
2025-02-07 17:13:35,593 [INFO] Fetching page: https://www.bell.ca/For-Consumers/Mobility/Plans/Bring-Your-Own-Phone
2025-02-07 17:13:41,592 [INFO] Page fetched successfully.
2025-02-07 17:13:41,665 [INFO] Parsing data for Bell
2025-02-07 17:13:41,665 [WARNING] No plan containers found for Bell.
2025-02-07 17:13:41,665 [INFO] Found 0 BYOD plan(s) for Bell.
2025-02-07 17:13:41,665 [INFO] Processing Telus...
2025-02-07 17:13:41,665 [INFO] Fetching page: https://www.telus.com/en/mobility/plans/byod
2025-02-07 17:13:49,325 [INFO] Page fetched successfully.
2025-02-07 17:13:49,418 [INFO] Parsing data for Telus
2025-02-07 17:13:49,446 [WARNING] No plan containers found for Telus.
2025-02-07 17:13:49,446 [INFO] Found 0 BYOD plan(s) for Telus.
2025-02-07 17:13:49,446 [INFO] Processing Fido...
2025-02-07 17:13:49,446 [INFO] Fetching page: https://www.fido.ca/phones/bring-your-own-device?flowType=byod
2025-02-07 17:14:01,712 [INFO] Page fetched successfully.
2025-02-07 17:14:01,804 [INFO] Parsing data for Fido
2025-02-07 17:14:01,834 [WARNING] No plan containers found for Fido.
2025-02-07 17:14:01,834 [INFO] Found 0 BYOD plan(s) for Fido.
2025-02-07 17:14:01,834 [INFO] Processing Virgin...
2025-02-07 17:14:01,834 [INFO] Fetching page: https://www.virginplus.ca/en/plans/postpaid.html#!/BYOP/research
2025-02-07 17:14:10,324 [INFO] Page fetched successfully.
2025-02-07 17:14:10,417 [INFO] Parsing data for Virgin
2025-02-07 17:14:10,445 [WARNING] No plan containers found for Virgin.
2025-02-07 17:14:10,445 [INFO] Found 0 BYOD plan(s) for Virgin.
2025-02-07 17:14:10,445 [INFO] Processing Koodo...
2025-02-07 17:14:10,445 [INFO] Fetching page: https://www.koodomobile.com/en/rate-plans?INTCMP=KMNew_NavMenu_Shop_Plans
2025-02-07 17:14:19,904 [INFO] Page fetched successfully.
2025-02-07 17:14:19,988 [INFO] Parsing data for Koodo
2025-02-07 17:14:19,994 [WARNING] No plan containers found for Koodo.
2025-02-07 17:14:19,994 [INFO] Found 0 BYOD plan(s) for Koodo.
2025-02-07 17:14:19,994 [INFO] Processing Chatr...
2025-02-07 17:14:19,994 [INFO] Fetching page: https://www.chatr.ca/en/plans
2025-02-07 17:14:22,307 [ERROR] Error fetching page: Message: unknown error: net::ERR_NAME_NOT_RESOLVED
  (Session info: chrome=132.0.6834.160)
Stacktrace:
0   chromedriver                        0x0000000104fcb0d4 cxxbridge1$str$ptr + 2600792
1   chromedriver                        0x0000000104fc39f0 cxxbridge1$str$ptr + 2570356
2   chromedriver                        0x0000000104b643d8 cxxbridge1$string$len + 89376
3   chromedriver                        0x0000000104b5d7ec cxxbridge1$string$len + 61748
4   chromedriver                        0x0000000104b4f90c cxxbridge1$string$len + 4692
5   chromedriver                        0x0000000104b512c4 cxxbridge1$string$len + 11276
6   chromedriver                        0x0000000104b4fcb8 cxxbridge1$string$len + 5632
7   chromedriver                        0x0000000104b4f6ec cxxbridge1$string$len + 4148
8   chromedriver                        0x0000000104b4f460 cxxbridge1$string$len + 3496
9   chromedriver                        0x0000000104b4d168 chromedriver + 184680
10  chromedriver                        0x0000000104b4dca0 chromedriver + 187552
11  chromedriver                        0x0000000104b6692c cxxbridge1$string$len + 98932
12  chromedriver                        0x0000000104be3bf8 cxxbridge1$string$len + 611648
13  chromedriver                        0x0000000104be3638 cxxbridge1$string$len + 610176
14  chromedriver                        0x0000000104b9d34c cxxbridge1$string$len + 322708
15  chromedriver                        0x0000000104b9df94 cxxbridge1$string$len + 325852
16  chromedriver                        0x0000000104f96238 cxxbridge1$str$ptr + 2384060
17  chromedriver                        0x0000000104f99550 cxxbridge1$str$ptr + 2397140
18  chromedriver                        0x0000000104f7cb9c cxxbridge1$str$ptr + 2279968
19  chromedriver                        0x0000000104f99e10 cxxbridge1$str$ptr + 2399380
20  chromedriver                        0x0000000104f6e6a4 cxxbridge1$str$ptr + 2221352
21  chromedriver                        0x0000000104fb47d8 cxxbridge1$str$ptr + 2508380
22  chromedriver                        0x0000000104fb4954 cxxbridge1$str$ptr + 2508760
23  chromedriver                        0x0000000104fc3664 cxxbridge1$str$ptr + 2569448
24  libsystem_pthread.dylib             0x0000000197e7df94 _pthread_start + 136
25  libsystem_pthread.dylib             0x0000000197e78d34 thread_start + 8

2025-02-07 17:14:22,384 [ERROR] Empty HTML content for Chatr. Skipping.
2025-02-07 17:14:22,384 [ERROR] No plans were scraped. Check logs for details.
