2025-02-07 17:25:19,025 [INFO] Database initialized.
2025-02-07 17:25:19,758 [INFO] Scraping Rogers: https://www.rogers.com/phones/bring-your-own-device?icid=R_WIR_CMH_PL5IQK&flowType=byod
2025-02-07 17:25:40,841 [ERROR] Rogers page did not load plan cards: Message: 

2025-02-07 17:25:40,842 [INFO] Scraping Bell: https://www.bell.ca/For-Consumers/Mobility/Plans/Bring-Your-Own-Phone
2025-02-07 17:25:56,664 [ERROR] Bell page did not load plan cards: Message: 

2025-02-07 17:25:56,664 [INFO] Scraping Telus: https://www.telus.com/en/mobility/plans/byod
2025-02-07 17:26:17,093 [ERROR] Telus page did not load plan items: Message: 

2025-02-07 17:26:17,094 [INFO] Scraping Fido: https://www.fido.ca/phones/bring-your-own-device?flowType=byod
2025-02-07 17:26:36,163 [ERROR] Fido page did not load plan tiles: Message: 

2025-02-07 17:26:36,163 [INFO] Scraping Virgin: https://www.virginplus.ca/en/plans/postpaid.html#!/BYOP/research
2025-02-07 17:26:49,337 [WARNING] Virgin region selection (Ontario) not found or already selected: Message: 
Stacktrace:
0   chromedriver                        0x00000001024db0d4 cxxbridge1$str$ptr + 2600792
1   chromedriver                        0x00000001024d39f0 cxxbridge1$str$ptr + 2570356
2   chromedriver                        0x00000001020743d8 cxxbridge1$string$len + 89376
3   chromedriver                        0x00000001020b9414 cxxbridge1$string$len + 372060
4   chromedriver                        0x00000001020f3638 cxxbridge1$string$len + 610176
5   chromedriver                        0x00000001020ad34c cxxbridge1$string$len + 322708
6   chromedriver                        0x00000001020adf94 cxxbridge1$string$len + 325852
7   chromedriver                        0x00000001024a6238 cxxbridge1$str$ptr + 2384060
8   chromedriver                        0x00000001024a9550 cxxbridge1$str$ptr + 2397140
9   chromedriver                        0x000000010248cb9c cxxbridge1$str$ptr + 2279968
10  chromedriver                        0x00000001024a9e10 cxxbridge1$str$ptr + 2399380
11  chromedriver                        0x000000010247e6a4 cxxbridge1$str$ptr + 2221352
12  chromedriver                        0x00000001024c47d8 cxxbridge1$str$ptr + 2508380
13  chromedriver                        0x00000001024c4954 cxxbridge1$str$ptr + 2508760
14  chromedriver                        0x00000001024d3664 cxxbridge1$str$ptr + 2569448
15  libsystem_pthread.dylib             0x0000000197e7df94 _pthread_start + 136
16  libsystem_pthread.dylib             0x0000000197e78d34 thread_start + 8

2025-02-07 17:27:04,684 [ERROR] Virgin page did not load plan tiles: Message: 

2025-02-07 17:27:04,684 [INFO] Scraping Koodo: https://www.koodomobile.com/en/rate-plans?INTCMP=KMNew_NavMenu_Shop_Plans
2025-02-07 17:28:21,363 [ERROR] Koodo page did not load plan cards: Message: 

2025-02-07 17:28:21,363 [INFO] Scraping Chatr: https://www.chatr.ca/en/plans
2025-02-07 17:28:21,672 [ERROR] Error scraping Chatr: Message: unknown error: net::ERR_NAME_NOT_RESOLVED
  (Session info: chrome=132.0.6834.160)
Stacktrace:
0   chromedriver                        0x00000001024db0d4 cxxbridge1$str$ptr + 2600792
1   chromedriver                        0x00000001024d39f0 cxxbridge1$str$ptr + 2570356
2   chromedriver                        0x00000001020743d8 cxxbridge1$string$len + 89376
3   chromedriver                        0x000000010206d7ec cxxbridge1$string$len + 61748
4   chromedriver                        0x000000010205f90c cxxbridge1$string$len + 4692
5   chromedriver                        0x00000001020612c4 cxxbridge1$string$len + 11276
6   chromedriver                        0x000000010205fcb8 cxxbridge1$string$len + 5632
7   chromedriver                        0x000000010205f6ec cxxbridge1$string$len + 4148
8   chromedriver                        0x000000010205f460 cxxbridge1$string$len + 3496
9   chromedriver                        0x000000010205d168 chromedriver + 184680
10  chromedriver                        0x000000010205dca0 chromedriver + 187552
11  chromedriver                        0x000000010207692c cxxbridge1$string$len + 98932
12  chromedriver                        0x00000001020f3bf8 cxxbridge1$string$len + 611648
13  chromedriver                        0x00000001020f3638 cxxbridge1$string$len + 610176
14  chromedriver                        0x00000001020ad34c cxxbridge1$string$len + 322708
15  chromedriver                        0x00000001020adf94 cxxbridge1$string$len + 325852
16  chromedriver                        0x00000001024a6238 cxxbridge1$str$ptr + 2384060
17  chromedriver                        0x00000001024a9550 cxxbridge1$str$ptr + 2397140
18  chromedriver                        0x000000010248cb9c cxxbridge1$str$ptr + 2279968
19  chromedriver                        0x00000001024a9e10 cxxbridge1$str$ptr + 2399380
20  chromedriver                        0x000000010247e6a4 cxxbridge1$str$ptr + 2221352
21  chromedriver                        0x00000001024c47d8 cxxbridge1$str$ptr + 2508380
22  chromedriver                        0x00000001024c4954 cxxbridge1$str$ptr + 2508760
23  chromedriver                        0x00000001024d3664 cxxbridge1$str$ptr + 2569448
24  libsystem_pthread.dylib             0x0000000197e7df94 _pthread_start + 136
25  libsystem_pthread.dylib             0x0000000197e78d34 thread_start + 8

2025-02-07 17:28:21,894 [ERROR] No plans were scraped. Check the logs for details.
2025-02-07 17:30:36,646 [INFO] Database initialized.
2025-02-07 17:30:38,175 [INFO] Rogers: Starting extraction from https://www.rogers.com/phones/bring-your-own-device?icid=R_WIR_CMH_PL5IQK&flowType=byod
2025-02-07 17:31:09,829 [ERROR] Rogers: Page load timed out: Page.goto: Timeout 30000ms exceeded.
Call log:
  - navigating to "https://www.rogers.com/phones/bring-your-own-device?icid=R_WIR_CMH_PL5IQK&flowType=byod", waiting until "networkidle"

2025-02-07 17:31:14,834 [INFO] Rogers: No plan data found in JSON responses. Falling back to HTML extraction.
2025-02-07 17:31:14,895 [WARNING] Rogers: No containers found with selector div.plan-card
2025-02-07 17:31:14,895 [INFO] Rogers: Extracted 0 plan(s) from HTML fallback.
2025-02-07 17:31:14,942 [INFO] Rogers: Total plans extracted: 0
2025-02-07 17:31:14,942 [INFO] Bell: Starting extraction from https://www.bell.ca/Mobility/Build_your_mobile_solution?prd=eSIM#/Config/RatePlans/Edit
2025-02-07 17:31:21,561 [INFO] Bell: No plan data found in JSON responses. Falling back to HTML extraction.
2025-02-07 17:31:21,567 [WARNING] Bell: No containers found with selector div.rate-plan
2025-02-07 17:31:21,567 [INFO] Bell: Extracted 0 plan(s) from HTML fallback.
2025-02-07 17:31:21,583 [INFO] Bell: Total plans extracted: 0
2025-02-07 17:31:21,583 [INFO] Telus: Starting extraction from https://www.telus.com/en/mobility/plans/byod
2025-02-07 17:31:51,742 [ERROR] Telus: Page load timed out: Page.goto: Timeout 30000ms exceeded.
Call log:
  - navigating to "https://www.telus.com/en/mobility/plans/byod", waiting until "networkidle"

2025-02-07 17:31:56,743 [INFO] Telus: No plan data found in JSON responses. Falling back to HTML extraction.
2025-02-07 17:31:56,782 [WARNING] Telus: No containers found with selector div.plan-item
2025-02-07 17:31:56,782 [INFO] Telus: Extracted 0 plan(s) from HTML fallback.
2025-02-07 17:31:56,810 [INFO] Telus: Total plans extracted: 0
2025-02-07 17:31:56,811 [INFO] Fido: Starting extraction from https://www.fido.ca/phones/bring-your-own-device?flowType=byod
2025-02-07 17:32:26,980 [ERROR] Fido: Page load timed out: Page.goto: Timeout 30000ms exceeded.
Call log:
  - navigating to "https://www.fido.ca/phones/bring-your-own-device?flowType=byod", waiting until "networkidle"

2025-02-07 17:32:31,983 [INFO] Fido: No plan data found in JSON responses. Falling back to HTML extraction.
2025-02-07 17:32:32,033 [WARNING] Fido: No containers found with selector div.plan-tile
2025-02-07 17:32:32,033 [INFO] Fido: Extracted 0 plan(s) from HTML fallback.
2025-02-07 17:32:32,088 [INFO] Fido: Total plans extracted: 0
2025-02-07 17:32:32,089 [INFO] Virgin: Starting extraction from https://www.virginplus.ca/en/plans/postpaid.html#!/BYOP/research
2025-02-07 17:32:43,398 [INFO] Virgin: No plan data found in JSON responses. Falling back to HTML extraction.
2025-02-07 17:32:43,454 [WARNING] Virgin: No containers found with selector div.plan-tile
2025-02-07 17:32:43,454 [INFO] Virgin: Extracted 0 plan(s) from HTML fallback.
2025-02-07 17:32:43,484 [INFO] Virgin: Total plans extracted: 0
2025-02-07 17:32:43,484 [INFO] Koodo: Starting extraction from https://www.koodomobile.com/en/rate-plans?INTCMP=KMNew_NavMenu_Shop_Plans
2025-02-07 17:33:13,633 [ERROR] Koodo: Page load timed out: Page.goto: Timeout 30000ms exceeded.
Call log:
  - navigating to "https://www.koodomobile.com/en/rate-plans?INTCMP=KMNew_NavMenu_Shop_Plans", waiting until "networkidle"

2025-02-07 17:33:18,640 [INFO] Koodo: No plan data found in JSON responses. Falling back to HTML extraction.
2025-02-07 17:33:18,663 [WARNING] Koodo: No containers found with selector div.plan-card
2025-02-07 17:33:18,663 [INFO] Koodo: Extracted 0 plan(s) from HTML fallback.
2025-02-07 17:33:18,708 [INFO] Koodo: Total plans extracted: 0
2025-02-07 17:33:18,708 [INFO] Chatr: Starting extraction from https://www.chatr.ca/en/plans
2025-02-07 17:33:18,904 [ERROR] Chatr: Error during page.goto: Page.goto: net::ERR_NAME_NOT_RESOLVED at https://www.chatr.ca/en/plans
Call log:
  - navigating to "https://www.chatr.ca/en/plans", waiting until "networkidle"

2025-02-07 17:33:23,909 [INFO] Chatr: No plan data found in JSON responses. Falling back to HTML extraction.
2025-02-07 17:33:23,917 [WARNING] Chatr: No containers found with selector div.plan-container
2025-02-07 17:33:23,917 [INFO] Chatr: Extracted 0 plan(s) from HTML fallback.
2025-02-07 17:33:23,935 [INFO] Chatr: Total plans extracted: 0
2025-02-07 17:33:23,939 [ERROR] No plans were scraped. Please review the logs for details.
2025-02-07 17:34:22,123 [INFO] Database initialized.
2025-02-07 17:34:22,442 [INFO] Rogers: Processing URL: https://www.rogers.com/phones/bring-your-own-device?icid=R_WIR_CMH_PL5IQK&flowType=byod
2025-02-07 17:34:32,386 [INFO] Generating PDF with dimensions: 13.33 x 30.14 inches
2025-02-07 17:34:32,617 [INFO] Rogers: PDF saved to rogers.pdf
2025-02-07 17:34:32,747 [INFO] Rogers: Extracted text length: 1906 characters
2025-02-07 17:34:32,749 [INFO] Rogers: Found 0 plan(s) from PDF text
2025-02-07 17:34:32,749 [INFO] Bell: Processing URL: https://www.bell.ca/Mobility/Build_your_mobile_solution?prd=eSIM#/Config/RatePlans/Edit
2025-02-07 17:34:41,627 [ERROR] Error processing Bell: Page.evaluate: Execution context was destroyed, most likely because of a navigation
2025-02-07 17:34:41,627 [INFO] Telus: Processing URL: https://www.telus.com/en/mobility/plans/byod
2025-02-07 17:34:50,877 [INFO] Generating PDF with dimensions: 13.33 x 14.35 inches
2025-02-07 17:34:50,931 [INFO] Telus: PDF saved to telus.pdf
2025-02-07 17:34:51,055 [INFO] Telus: Extracted text length: 1474 characters
2025-02-07 17:34:51,055 [INFO] Telus: Found 0 plan(s) from PDF text
2025-02-07 17:34:51,055 [INFO] Fido: Processing URL: https://www.fido.ca/phones/bring-your-own-device?flowType=byod
2025-02-07 17:35:05,810 [INFO] Generating PDF with dimensions: 13.33 x 28.18 inches
2025-02-07 17:35:05,978 [INFO] Fido: PDF saved to fido.pdf
2025-02-07 17:35:06,097 [INFO] Fido: Extracted text length: 1651 characters
2025-02-07 17:35:06,097 [INFO] Fido: Found 0 plan(s) from PDF text
2025-02-07 17:35:06,097 [INFO] Virgin: Processing URL: https://www.virginplus.ca/en/plans/postpaid.html#!/BYOP/research
2025-02-07 17:35:12,052 [WARNING] Virgin: Extra action failed: Page.click: Timeout 5000ms exceeded.
Call log:
  - waiting for locator("button:has-text('Ontario')")
  -     - waiting for" https://www.virginplus.ca/en/plans/postpaid.html?province=ON&geoResult=ON" navigation to finish...
  -     - navigated to "https://www.virginplus.ca/en/plans/postpaid.html?province=ON&geoResult=ON#!/BYOP/research"

2025-02-07 17:35:20,093 [INFO] Generating PDF with dimensions: 13.33 x 42.95 inches
2025-02-07 17:35:20,255 [INFO] Virgin: PDF saved to virgin.pdf
2025-02-07 17:35:20,586 [INFO] Virgin: Extracted text length: 2618 characters
2025-02-07 17:35:20,586 [INFO] Virgin: Found 0 plan(s) from PDF text
2025-02-07 17:35:20,586 [INFO] Koodo: Processing URL: https://www.koodomobile.com/en/rate-plans?INTCMP=KMNew_NavMenu_Shop_Plans
2025-02-07 17:35:29,756 [INFO] Generating PDF with dimensions: 13.33 x 6.74 inches
2025-02-07 17:35:29,819 [INFO] Koodo: PDF saved to koodo.pdf
2025-02-07 17:35:29,861 [INFO] Koodo: Extracted text length: 291 characters
2025-02-07 17:35:29,861 [INFO] Koodo: Found 0 plan(s) from PDF text
2025-02-07 17:35:29,861 [INFO] Chatr: Processing URL: https://www.chatr.ca/en/plans
2025-02-07 17:35:30,035 [ERROR] Chatr: Error loading URL https://www.chatr.ca/en/plans: Page.goto: net::ERR_NAME_NOT_RESOLVED at https://www.chatr.ca/en/plans
Call log:
  - navigating to "https://www.chatr.ca/en/plans", waiting until "domcontentloaded"

2025-02-07 17:35:30,093 [ERROR] No plans were scraped. Check logs for details.
2025-02-07 18:13:16,692 [INFO] Database initialized.
2025-02-07 18:13:17,031 [INFO] Rogers: Processing URL: https://www.rogers.com/phones/bring-your-own-device?icid=R_WIR_CMH_PL5IQK&flowType=byod
2025-02-07 18:13:26,612 [INFO] Generating PDF: 13.33in x 30.14in
2025-02-07 18:13:26,848 [INFO] Rogers: PDF saved as rogers.pdf
2025-02-07 18:13:27,013 [INFO] Rogers: Extracted text length: 1906 characters
2025-02-07 18:13:27,209 [WARNING] Rogers: No extraction method yielded results.
2025-02-07 18:13:27,209 [INFO] Rogers: Total plans extracted: 0
2025-02-07 18:13:27,209 [INFO] Bell: Processing URL: https://www.bell.ca/Mobility/Build_your_mobile_solution?prd=eSIM#/Config/RatePlans/Edit
2025-02-07 18:13:40,506 [ERROR] Error processing Bell: Page.evaluate: Execution context was destroyed, most likely because of a navigation
2025-02-07 18:13:40,506 [INFO] Virgin: Processing URL: https://www.virginplus.ca/en/plans/postpaid.html#!/BYOP/research
2025-02-07 18:13:47,452 [WARNING] Virgin: Extra action failed: Page.click: Timeout 5000ms exceeded.
Call log:
  - waiting for locator("button:has-text('Ontario')")

2025-02-07 18:13:55,491 [INFO] Generating PDF: 13.33in x 42.95in
2025-02-07 18:13:55,629 [INFO] Virgin: PDF saved as virgin.pdf
2025-02-07 18:13:55,974 [INFO] Virgin: Extracted text length: 2618 characters
2025-02-07 18:13:56,314 [WARNING] Virgin: No extraction method yielded results.
2025-02-07 18:13:56,314 [INFO] Virgin: Total plans extracted: 0
2025-02-07 18:13:56,314 [INFO] Chatr: Processing URL: https://www.chatr.ca/en/plans
2025-02-07 18:13:56,499 [ERROR] Chatr: Error loading URL https://www.chatr.ca/en/plans: Page.goto: net::ERR_NAME_NOT_RESOLVED at https://www.chatr.ca/en/plans
Call log:
  - navigating to "https://www.chatr.ca/en/plans", waiting until "domcontentloaded"

2025-02-07 18:13:56,510 [INFO] Chatr: Total plans extracted: 0
2025-02-07 18:13:56,528 [ERROR] No plans were scraped. Please review the logs for details.
2025-02-09 20:04:44,723 [ERROR] AGENTQL_API_KEY not set.
2025-02-09 20:08:56,271 [INFO] Database initialized.
2025-02-09 20:08:56,550 [INFO] Rogers: Processing URL: https://www.rogers.com/phones/bring-your-own-device?icid=R_WIR_CMH_PL5IQK&flowType=byod
2025-02-09 20:09:08,061 [INFO] Generating PDF with dimensions: 13.33in x 30.14in
2025-02-09 20:09:08,277 [INFO] Rogers: PDF saved as rogers.pdf
2025-02-09 20:09:08,406 [INFO] Rogers: Extracted text length: 1906 characters
2025-02-09 20:09:08,406 [ERROR] AgentQL extraction failed for Rogers: module 'agentql' has no attribute 'query_data'
2025-02-09 20:09:08,406 [WARNING] Rogers: No plan details extracted by AgentQL.
2025-02-09 20:09:08,406 [INFO] Rogers: Total plans extracted: 0
2025-02-09 20:09:08,406 [INFO] Fido: Processing URL: https://www.fido.ca/phones/bring-your-own-device?flowType=byod
2025-02-09 20:09:18,375 [INFO] Generating PDF with dimensions: 13.33in x 28.18in
2025-02-09 20:09:18,543 [INFO] Fido: PDF saved as fido.pdf
2025-02-09 20:09:18,669 [INFO] Fido: Extracted text length: 1651 characters
2025-02-09 20:09:18,669 [ERROR] AgentQL extraction failed for Fido: module 'agentql' has no attribute 'query_data'
2025-02-09 20:09:18,669 [WARNING] Fido: No plan details extracted by AgentQL.
2025-02-09 20:09:18,669 [INFO] Fido: Total plans extracted: 0
2025-02-09 20:09:18,669 [INFO] Virgin: Processing URL: https://www.virginplus.ca/en/plans/postpaid.html#!/BYOP/research
2025-02-09 20:09:24,807 [WARNING] Virgin: Extra action failed: Page.click: Timeout 5000ms exceeded.
Call log:
  - waiting for locator("button:has-text('Ontario')")

2025-02-09 20:09:32,867 [INFO] Generating PDF with dimensions: 13.33in x 42.95in
2025-02-09 20:09:33,012 [INFO] Virgin: PDF saved as virgin.pdf
2025-02-09 20:09:33,299 [INFO] Virgin: Extracted text length: 2386 characters
2025-02-09 20:09:33,299 [ERROR] AgentQL extraction failed for Virgin: module 'agentql' has no attribute 'query_data'
2025-02-09 20:09:33,299 [WARNING] Virgin: No plan details extracted by AgentQL.
2025-02-09 20:09:33,299 [INFO] Virgin: Total plans extracted: 0
2025-02-09 20:09:33,299 [INFO] Chatr: Processing URL: https://www.chatrwireless.com/plans?ecid=PS_C0143_C_WIR_Jan_25_ALS_H5HS6V&gclsrc=aw.ds
2025-02-09 20:09:42,743 [INFO] Generating PDF with dimensions: 13.33in x 34.44in
2025-02-09 20:09:42,836 [INFO] Chatr: PDF saved as chatr.pdf
2025-02-09 20:09:42,958 [INFO] Chatr: Extracted text length: 1682 characters
2025-02-09 20:09:42,959 [ERROR] AgentQL extraction failed for Chatr: module 'agentql' has no attribute 'query_data'
2025-02-09 20:09:42,959 [WARNING] Chatr: No plan details extracted by AgentQL.
2025-02-09 20:09:42,959 [INFO] Chatr: Total plans extracted: 0
2025-02-09 20:09:42,963 [ERROR] No plans were scraped. Please review the logs for details.
2025-02-09 20:15:15,422 [INFO] Database initialized.
2025-02-09 20:15:15,704 [INFO] Rogers: Processing URL: https://www.rogers.com/phones/bring-your-own-device?icid=R_WIR_CMH_PL5IQK&flowType=byod
2025-02-09 20:15:27,114 [INFO] Generating PDF with dimensions: 13.33in x 30.14in
2025-02-09 20:15:27,344 [INFO] Rogers: PDF saved as rogers.pdf
2025-02-09 20:15:27,474 [INFO] Rogers: Extracted text length: 1906 characters
2025-02-09 20:15:27,474 [ERROR] AgentQL extraction failed for Rogers: module 'agentql' has no attribute 'query'
2025-02-09 20:15:27,474 [WARNING] Rogers: No plan details extracted by AgentQL.
2025-02-09 20:15:27,474 [INFO] Rogers: Total plans extracted: 0
2025-02-09 20:15:27,474 [INFO] Fido: Processing URL: https://www.fido.ca/phones/bring-your-own-device?flowType=byod
2025-02-09 20:15:38,159 [INFO] Generating PDF with dimensions: 13.33in x 28.18in
2025-02-09 20:15:38,336 [INFO] Fido: PDF saved as fido.pdf
2025-02-09 20:15:38,452 [INFO] Fido: Extracted text length: 1651 characters
2025-02-09 20:15:38,452 [ERROR] AgentQL extraction failed for Fido: module 'agentql' has no attribute 'query'
2025-02-09 20:15:38,452 [WARNING] Fido: No plan details extracted by AgentQL.
2025-02-09 20:15:38,452 [INFO] Fido: Total plans extracted: 0
2025-02-09 20:15:38,452 [INFO] Virgin: Processing URL: https://www.virginplus.ca/en/plans/postpaid.html#!/BYOP/research
2025-02-09 20:15:43,996 [WARNING] Virgin: Extra action failed: Page.click: Timeout 5000ms exceeded.
Call log:
  - waiting for locator("button:has-text('Ontario')")

2025-02-09 20:15:52,032 [INFO] Generating PDF with dimensions: 13.33in x 42.95in
2025-02-09 20:15:52,172 [INFO] Virgin: PDF saved as virgin.pdf
2025-02-09 20:15:52,469 [INFO] Virgin: Extracted text length: 2386 characters
2025-02-09 20:15:52,469 [ERROR] AgentQL extraction failed for Virgin: module 'agentql' has no attribute 'query'
2025-02-09 20:15:52,469 [WARNING] Virgin: No plan details extracted by AgentQL.
2025-02-09 20:15:52,469 [INFO] Virgin: Total plans extracted: 0
2025-02-09 20:15:52,469 [INFO] Chatr: Processing URL: https://www.chatrwireless.com/plans?ecid=PS_C0143_C_WIR_Jan_25_ALS_H5HS6V&gclsrc=aw.ds
2025-02-09 20:16:01,350 [INFO] Generating PDF with dimensions: 13.33in x 34.44in
2025-02-09 20:16:01,456 [INFO] Chatr: PDF saved as chatr.pdf
2025-02-09 20:16:01,561 [INFO] Chatr: Extracted text length: 1682 characters
2025-02-09 20:16:01,561 [ERROR] AgentQL extraction failed for Chatr: module 'agentql' has no attribute 'query'
2025-02-09 20:16:01,561 [WARNING] Chatr: No plan details extracted by AgentQL.
2025-02-09 20:16:01,561 [INFO] Chatr: Total plans extracted: 0
2025-02-09 20:16:01,566 [ERROR] No plans were scraped. Please review the logs for details.
2025-02-09 20:20:02,789 [INFO] Database initialized.
2025-02-09 20:20:03,109 [INFO] Rogers: Processing URL: https://www.rogers.com/phones/bring-your-own-device?icid=R_WIR_CMH_PL5IQK&flowType=byod
2025-02-09 20:20:13,927 [INFO] Generating PDF with dimensions: 13.33in x 30.14in
2025-02-09 20:20:14,153 [INFO] Rogers: PDF saved as rogers.pdf
2025-02-09 20:20:14,288 [INFO] Rogers: Extracted text length: 1906 characters
2025-02-09 20:20:14,288 [ERROR] AgentQL extraction failed for Rogers: module 'agentql' has no attribute 'query'
2025-02-09 20:20:14,288 [WARNING] Rogers: No plan details extracted by AgentQL.
2025-02-09 20:20:14,288 [INFO] Rogers: Total plans extracted: 0
2025-02-09 20:20:14,288 [INFO] Fido: Processing URL: https://www.fido.ca/phones/bring-your-own-device?flowType=byod
2025-02-09 20:20:26,093 [INFO] Generating PDF with dimensions: 13.33in x 28.18in
2025-02-09 20:20:26,271 [INFO] Fido: PDF saved as fido.pdf
2025-02-09 20:20:26,388 [INFO] Fido: Extracted text length: 1651 characters
2025-02-09 20:20:26,388 [ERROR] AgentQL extraction failed for Fido: module 'agentql' has no attribute 'query'
2025-02-09 20:20:26,388 [WARNING] Fido: No plan details extracted by AgentQL.
2025-02-09 20:20:26,388 [INFO] Fido: Total plans extracted: 0
2025-02-09 20:20:26,388 [INFO] Virgin: Processing URL: https://www.virginplus.ca/en/plans/postpaid.html#!/BYOP/research
2025-02-09 20:20:36,728 [WARNING] Virgin: Extra action failed: Page.click: Timeout 5000ms exceeded.
Call log:
  - waiting for locator("button:has-text('Ontario')")
  -     - waiting for navigation to finish...
  -     - navigated to "https://www.virginplus.ca/en/plans/postpaid.html?province=ON&geoResult=ON#!/BYOP/research"

2025-02-09 20:20:44,807 [INFO] Generating PDF with dimensions: 13.33in x 42.95in
2025-02-09 20:20:44,962 [INFO] Virgin: PDF saved as virgin.pdf
2025-02-09 20:20:45,255 [INFO] Virgin: Extracted text length: 2386 characters
2025-02-09 20:20:45,255 [ERROR] AgentQL extraction failed for Virgin: module 'agentql' has no attribute 'query'
2025-02-09 20:20:45,255 [WARNING] Virgin: No plan details extracted by AgentQL.
2025-02-09 20:20:45,255 [INFO] Virgin: Total plans extracted: 0
2025-02-09 20:20:45,255 [INFO] Chatr: Processing URL: https://www.chatrwireless.com/plans?ecid=PS_C0143_C_WIR_Jan_25_ALS_H5HS6V&gclsrc=aw.ds
2025-02-09 20:20:54,867 [INFO] Generating PDF with dimensions: 13.33in x 34.44in
2025-02-09 20:20:55,016 [INFO] Chatr: PDF saved as chatr.pdf
2025-02-09 20:20:55,172 [INFO] Chatr: Extracted text length: 1682 characters
2025-02-09 20:20:55,172 [ERROR] AgentQL extraction failed for Chatr: module 'agentql' has no attribute 'query'
2025-02-09 20:20:55,172 [WARNING] Chatr: No plan details extracted by AgentQL.
2025-02-09 20:20:55,172 [INFO] Chatr: Total plans extracted: 0
2025-02-09 20:20:55,181 [ERROR] No plans were scraped. Please review the logs for details.
2025-02-09 20:21:58,829 [INFO] Database initialized.
2025-02-09 20:21:59,017 [INFO] Rogers: Processing URL: https://www.rogers.com/phones/bring-your-own-device?icid=R_WIR_CMH_PL5IQK&flowType=byod
2025-02-09 20:22:07,009 [ERROR] AgentQL query failed for Rogers: 'coroutine' object has no attribute 'query_data'
2025-02-09 20:22:07,052 [WARNING] Rogers: No plan details extracted by AgentQL live query.
2025-02-09 20:22:07,052 [INFO] Rogers: Total plans extracted: 0
2025-02-09 20:22:07,052 [INFO] Fido: Processing URL: https://www.fido.ca/phones/bring-your-own-device?flowType=byod
2025-02-09 20:22:13,538 [ERROR] AgentQL query failed for Fido: 'coroutine' object has no attribute 'query_data'
2025-02-09 20:22:13,575 [WARNING] Fido: No plan details extracted by AgentQL live query.
2025-02-09 20:22:13,575 [INFO] Fido: Total plans extracted: 0
2025-02-09 20:22:13,575 [INFO] Virgin: Processing URL: https://www.virginplus.ca/en/plans/postpaid.html#!/BYOP/research
2025-02-09 20:22:19,231 [WARNING] Virgin: Extra action failed: Page.click: Timeout 5000ms exceeded.
Call log:
  - waiting for locator("button:has-text('Ontario')")

2025-02-09 20:22:24,233 [ERROR] AgentQL query failed for Virgin: 'coroutine' object has no attribute 'query_data'
2025-02-09 20:22:24,263 [WARNING] Virgin: No plan details extracted by AgentQL live query.
2025-02-09 20:22:24,263 [INFO] Virgin: Total plans extracted: 0
2025-02-09 20:22:24,263 [INFO] Chatr: Processing URL: https://www.chatrwireless.com/plans?ecid=PS_C0143_C_WIR_Jan_25_ALS_H5HS6V&gclsrc=aw.ds
2025-02-09 20:22:30,863 [ERROR] AgentQL query failed for Chatr: 'coroutine' object has no attribute 'query_data'
2025-02-09 20:22:30,893 [WARNING] Chatr: No plan details extracted by AgentQL live query.
2025-02-09 20:22:30,893 [INFO] Chatr: Total plans extracted: 0
2025-02-09 20:22:30,898 [ERROR] No plans were scraped. Please review the logs for details.
